This file contains any messages produced by compilers while
running configure, to aid debugging if configure makes a mistake.

It was created by Tilda configure 1.6-alpha, which was
generated by GNU Autoconf 2.69.  Invocation command line was

  $ ./configure 

## --------- ##
## Platform. ##
## --------- ##

hostname = smrgy
uname -m = x86_64
uname -r = 5.9.10-arch1-1
uname -s = Linux
uname -v = #1 SMP PREEMPT Sun, 22 Nov 2020 14:16:59 +0000

/usr/bin/uname -p = unknown
/bin/uname -X     = unknown

/bin/arch              = unknown
/usr/bin/arch -k       = unknown
/usr/convex/getsysinfo = unknown
/usr/bin/hostinfo      = unknown
/bin/machine           = unknown
/usr/bin/oslevel       = unknown
/bin/universe          = unknown

PATH: /home/smrg/Scripts
PATH: /home/smrg/Scripts
PATH: /usr/local/sbin
PATH: /usr/local/bin
PATH: /usr/bin
PATH: /usr/bin/site_perl
PATH: /usr/bin/vendor_perl
PATH: /usr/bin/core_perl
PATH: /home/smrg/gits/fzf/bin


## ----------- ##
## Core tests. ##
## ----------- ##

configure:2359: checking for a BSD-compatible install
configure:2427: result: /usr/bin/install -c
configure:2438: checking whether build environment is sane
configure:2493: result: yes
configure:2642: checking for a thread-safe mkdir -p
configure:2681: result: /usr/bin/mkdir -p
configure:2688: checking for gawk
configure:2704: found /usr/bin/gawk
configure:2715: result: gawk
configure:2726: checking whether make sets $(MAKE)
configure:2748: result: yes
configure:2777: checking whether make supports nested variables
configure:2794: result: yes
configure:2935: checking whether make supports nested variables
configure:2952: result: yes
configure:2969: checking whether to enable maintainer-specific portions of Makefiles
configure:2978: result: yes
configure:3098: checking for glib-mkenums
configure:3116: found /usr/bin/glib-mkenums
configure:3129: result: /usr/bin/glib-mkenums
configure:3143: checking for glib-compile-resources
configure:3161: found /usr/bin/glib-compile-resources
configure:3174: result: /usr/bin/glib-compile-resources
configure:3235: checking for gcc
configure:3251: found /usr/bin/gcc
configure:3262: result: gcc
configure:3491: checking for C compiler version
configure:3500: gcc --version >&5
gcc (GCC) 10.2.0
Copyright (C) 2020 Free Software Foundation, Inc.
This is free software; see the source for copying conditions.  There is NO
warranty; not even for MERCHANTABILITY or FITNESS FOR A PARTICULAR PURPOSE.

configure:3511: $? = 0
configure:3500: gcc -v >&5
Using built-in specs.
COLLECT_GCC=gcc
COLLECT_LTO_WRAPPER=/usr/lib/gcc/x86_64-pc-linux-gnu/10.2.0/lto-wrapper
Target: x86_64-pc-linux-gnu
Configured with: /build/gcc/src/gcc/configure --prefix=/usr --libdir=/usr/lib --libexecdir=/usr/lib --mandir=/usr/share/man --infodir=/usr/share/info --with-bugurl=https://bugs.archlinux.org/ --enable-languages=c,c++,ada,fortran,go,lto,objc,obj-c++,d --with-isl --with-linker-hash-style=gnu --with-system-zlib --enable-__cxa_atexit --enable-cet=auto --enable-checking=release --enable-clocale=gnu --enable-default-pie --enable-default-ssp --enable-gnu-indirect-function --enable-gnu-unique-object --enable-install-libiberty --enable-linker-build-id --enable-lto --enable-multilib --enable-plugin --enable-shared --enable-threads=posix --disable-libssp --disable-libstdcxx-pch --disable-libunwind-exceptions --disable-werror gdc_include_dir=/usr/include/dlang/gdc
Thread model: posix
Supported LTO compression algorithms: zlib zstd
gcc version 10.2.0 (GCC) 
configure:3511: $? = 0
configure:3500: gcc -V >&5
gcc: error: unrecognized command-line option '-V'
gcc: fatal error: no input files
compilation terminated.
configure:3511: $? = 1
configure:3500: gcc -qversion >&5
gcc: error: unrecognized command-line option '-qversion'; did you mean '--version'?
gcc: fatal error: no input files
compilation terminated.
configure:3511: $? = 1
configure:3531: checking whether the C compiler works
configure:3553: gcc  -std=c99   conftest.c  >&5
configure:3557: $? = 0
configure:3605: result: yes
configure:3608: checking for C compiler default output file name
configure:3610: result: a.out
configure:3616: checking for suffix of executables
configure:3623: gcc -o conftest  -std=c99   conftest.c  >&5
configure:3627: $? = 0
configure:3649: result: 
configure:3671: checking whether we are cross compiling
configure:3679: gcc -o conftest  -std=c99   conftest.c  >&5
configure:3683: $? = 0
configure:3690: ./conftest
configure:3694: $? = 0
configure:3682: result: no
configure:3687: checking for suffix of object files
configure:3709: gcc -c  -std=c99  conftest.c >&5
configure:3713: $? = 0
configure:3734: result: o
configure:3738: checking whether we are using the GNU C compiler
configure:3757: gcc -c  -std=c99  conftest.c >&5
configure:3757: $? = 0
configure:3766: result: yes
configure:3775: checking whether gcc accepts -g
configure:3795: gcc -c -g  conftest.c >&5
configure:3795: $? = 0
configure:3836: result: yes
configure:3853: checking for gcc option to accept ISO C89
configure:3916: gcc  -c  -std=c99  conftest.c >&5
configure:3916: $? = 0
configure:3929: result: none needed
configure:3954: checking whether gcc understands -c and -o together
configure:3976: gcc -c conftest.c -o conftest2.o
configure:3979: $? = 0
configure:3976: gcc -c conftest.c -o conftest2.o
configure:3979: $? = 0
configure:3991: result: yes
configure:4011: checking whether make supports the include directive
configure:4026: make -f confmf.GNU && cat confinc.out
this is the am__doit target
configure:4029: $? = 0
configure:4048: result: yes (GNU style)
configure:4073: checking dependency style of gcc
configure:4184: result: gcc3
configure:4212: checking whether NLS is requested
configure:4221: result: yes
configure:4262: checking for msgfmt
configure: trying /usr/bin/msgfmt...
0 translated messages.
configure:4294: result: /usr/bin/msgfmt
configure:4303: checking for gmsgfmt
configure:4334: result: /usr/bin/msgfmt
configure:4385: checking for xgettext
configure: trying /usr/bin/xgettext...
/usr/bin/xgettext: warning: file '/dev/null' extension '' is unknown; will try C
configure:4417: result: /usr/bin/xgettext
configure:4463: checking for msgmerge
configure: trying /usr/bin/msgmerge...
configure:4494: result: /usr/bin/msgmerge
configure:4531: checking build system type
configure:4545: result: x86_64-pc-linux-gnu
configure:4565: checking host system type
configure:4578: result: x86_64-pc-linux-gnu
configure:4622: checking for ld used by GCC
configure:4686: result: /usr/bin/ld
configure:4693: checking if the linker (/usr/bin/ld) is GNU ld
configure:4706: result: yes
configure:4713: checking for shared library run path origin
configure:4726: result: done
configure:4751: checking how to run the C preprocessor
configure:4782: gcc -E  conftest.c
configure:4782: $? = 0
configure:4796: gcc -E  conftest.c
conftest.c:11:10: fatal error: ac_nonexistent.h: No such file or directory
   11 | #include <ac_nonexistent.h>
      |          ^~~~~~~~~~~~~~~~~~
compilation terminated.
configure:4796: $? = 1
configure: failed program was:
| /* confdefs.h */
| #define PACKAGE_NAME "Tilda"
| #define PACKAGE_TARNAME "tilda"
| #define PACKAGE_VERSION "1.6-alpha"
| #define PACKAGE_STRING "Tilda 1.6-alpha"
| #define PACKAGE_BUGREPORT "tilda_issues"
| #define PACKAGE_URL "tilda_repository"
| #define PACKAGE "tilda"
| #define VERSION "1.6-alpha"
| /* end confdefs.h.  */
| #include <ac_nonexistent.h>
configure:4821: result: gcc -E
configure:4841: gcc -E  conftest.c
configure:4841: $? = 0
configure:4855: gcc -E  conftest.c
conftest.c:11:10: fatal error: ac_nonexistent.h: No such file or directory
   11 | #include <ac_nonexistent.h>
      |          ^~~~~~~~~~~~~~~~~~
compilation terminated.
configure:4855: $? = 1
configure: failed program was:
| /* confdefs.h */
| #define PACKAGE_NAME "Tilda"
| #define PACKAGE_TARNAME "tilda"
| #define PACKAGE_VERSION "1.6-alpha"
| #define PACKAGE_STRING "Tilda 1.6-alpha"
| #define PACKAGE_BUGREPORT "tilda_issues"
| #define PACKAGE_URL "tilda_repository"
| #define PACKAGE "tilda"
| #define VERSION "1.6-alpha"
| /* end confdefs.h.  */
| #include <ac_nonexistent.h>
configure:4884: checking for grep that handles long lines and -e
configure:4942: result: /usr/bin/grep
configure:4947: checking for egrep
configure:5009: result: /usr/bin/grep -E
configure:5567: checking for CFPreferencesCopyAppValue
configure:5585: gcc -o conftest  -std=c99   conftest.c  -Wl,-framework -Wl,CoreFoundation >&5
conftest.c:11:10: fatal error: CoreFoundation/CFPreferences.h: No such file or directory
   11 | #include <CoreFoundation/CFPreferences.h>
      |          ^~~~~~~~~~~~~~~~~~~~~~~~~~~~~~~~
compilation terminated.
configure:5585: $? = 1
configure: failed program was:
| /* confdefs.h */
| #define PACKAGE_NAME "Tilda"
| #define PACKAGE_TARNAME "tilda"
| #define PACKAGE_VERSION "1.6-alpha"
| #define PACKAGE_STRING "Tilda 1.6-alpha"
| #define PACKAGE_BUGREPORT "tilda_issues"
| #define PACKAGE_URL "tilda_repository"
| #define PACKAGE "tilda"
| #define VERSION "1.6-alpha"
| /* end confdefs.h.  */
| #include <CoreFoundation/CFPreferences.h>
| int
| main ()
| {
| CFPreferencesCopyAppValue(NULL, NULL)
|   ;
|   return 0;
| }
configure:5594: result: no
configure:5601: checking for CFLocaleCopyCurrent
configure:5619: gcc -o conftest  -std=c99   conftest.c  -Wl,-framework -Wl,CoreFoundation >&5
conftest.c:11:10: fatal error: CoreFoundation/CFLocale.h: No such file or directory
   11 | #include <CoreFoundation/CFLocale.h>
      |          ^~~~~~~~~~~~~~~~~~~~~~~~~~~
compilation terminated.
configure:5619: $? = 1
configure: failed program was:
| /* confdefs.h */
| #define PACKAGE_NAME "Tilda"
| #define PACKAGE_TARNAME "tilda"
| #define PACKAGE_VERSION "1.6-alpha"
| #define PACKAGE_STRING "Tilda 1.6-alpha"
| #define PACKAGE_BUGREPORT "tilda_issues"
| #define PACKAGE_URL "tilda_repository"
| #define PACKAGE "tilda"
| #define VERSION "1.6-alpha"
| /* end confdefs.h.  */
| #include <CoreFoundation/CFLocale.h>
| int
| main ()
| {
| CFLocaleCopyCurrent();
|   ;
|   return 0;
| }
configure:5628: result: no
configure:5677: checking for GNU gettext in libc
configure:5697: gcc -o conftest  -std=c99   conftest.c  >&5
configure:5697: $? = 0
configure:5706: result: yes
configure:6497: checking whether to use NLS
configure:6499: result: yes
configure:6502: checking where the gettext function comes from
configure:6513: result: libc
configure:6625: checking for pkg-config
configure:6643: found /usr/bin/pkg-config
configure:6655: result: /usr/bin/pkg-config
configure:6680: checking pkg-config is at least version 0.9.0
configure:6683: result: yes
configure:6693: checking for GTK
configure:6700: $PKG_CONFIG --exists --print-errors "gtk+-3.0 >= 3.10.0"
configure:6703: $? = 0
configure:6717: $PKG_CONFIG --exists --print-errors "gtk+-3.0 >= 3.10.0"
configure:6720: $? = 0
configure:6778: result: yes
configure:6784: checking for VTE
configure:6791: $PKG_CONFIG --exists --print-errors "vte-2.91 >= 0.40"
configure:6794: $? = 0
configure:6808: $PKG_CONFIG --exists --print-errors "vte-2.91 >= 0.40"
configure:6811: $? = 0
configure:6869: result: yes
configure:6875: checking for LIBCONFUSE
configure:6882: $PKG_CONFIG --exists --print-errors "libconfuse"
configure:6885: $? = 0
configure:6899: $PKG_CONFIG --exists --print-errors "libconfuse"
configure:6902: $? = 0
configure:6960: result: yes
configure:6966: checking for X11
configure:6973: $PKG_CONFIG --exists --print-errors "x11"
configure:6976: $? = 0
configure:6990: $PKG_CONFIG --exists --print-errors "x11"
configure:6993: $? = 0
configure:7051: result: yes
configure:7057: checking for ANSI C header files
configure:7077: gcc -c  -std=c99  conftest.c >&5
configure:7077: $? = 0
configure:7150: gcc -o conftest  -std=c99   conftest.c  >&5
configure:7150: $? = 0
configure:7150: ./conftest
configure:7150: $? = 0
configure:7161: result: yes
configure:7174: checking for sys/types.h
configure:7174: gcc -c  -std=c99  conftest.c >&5
configure:7174: $? = 0
configure:7174: result: yes
configure:7174: checking for sys/stat.h
configure:7174: gcc -c  -std=c99  conftest.c >&5
configure:7174: $? = 0
configure:7174: result: yes
configure:7174: checking for stdlib.h
configure:7174: gcc -c  -std=c99  conftest.c >&5
configure:7174: $? = 0
configure:7174: result: yes
configure:7174: checking for string.h
configure:7174: gcc -c  -std=c99  conftest.c >&5
configure:7174: $? = 0
configure:7174: result: yes
configure:7174: checking for memory.h
configure:7174: gcc -c  -std=c99  conftest.c >&5
configure:7174: $? = 0
configure:7174: result: yes
configure:7174: checking for strings.h
configure:7174: gcc -c  -std=c99  conftest.c >&5
configure:7174: $? = 0
configure:7174: result: yes
configure:7174: checking for inttypes.h
configure:7174: gcc -c  -std=c99  conftest.c >&5
configure:7174: $? = 0
configure:7174: result: yes
configure:7174: checking for stdint.h
configure:7174: gcc -c  -std=c99  conftest.c >&5
configure:7174: $? = 0
configure:7174: result: yes
configure:7174: checking for unistd.h
configure:7174: gcc -c  -std=c99  conftest.c >&5
configure:7174: $? = 0
configure:7174: result: yes
configure:7189: checking fcntl.h usability
configure:7189: gcc -c  -std=c99  conftest.c >&5
configure:7189: $? = 0
configure:7189: result: yes
configure:7189: checking fcntl.h presence
configure:7189: gcc -E  conftest.c
configure:7189: $? = 0
configure:7189: result: yes
configure:7189: checking for fcntl.h
configure:7189: result: yes
configure:7189: checking malloc.h usability
configure:7189: gcc -c  -std=c99  conftest.c >&5
configure:7189: $? = 0
configure:7189: result: yes
configure:7189: checking malloc.h presence
configure:7189: gcc -E  conftest.c
configure:7189: $? = 0
configure:7189: result: yes
configure:7189: checking for malloc.h
configure:7189: result: yes
configure:7189: checking for stdlib.h
configure:7189: result: yes
configure:7189: checking for string.h
configure:7189: result: yes
configure:7189: checking for strings.h
configure:7189: result: yes
configure:7189: checking sys/ioctl.h usability
configure:7189: gcc -c  -std=c99  conftest.c >&5
configure:7189: $? = 0
configure:7189: result: yes
configure:7189: checking sys/ioctl.h presence
configure:7189: gcc -E  conftest.c
configure:7189: $? = 0
configure:7189: result: yes
configure:7189: checking for sys/ioctl.h
configure:7189: result: yes
configure:7189: checking for unistd.h
configure:7189: result: yes
configure:7201: checking for an ANSI C-conforming const
configure:7267: gcc -c  -std=c99  conftest.c >&5
configure:7267: $? = 0
configure:7274: result: yes
configure:7282: checking for pid_t
configure:7282: gcc -c  -std=c99  conftest.c >&5
configure:7282: $? = 0
configure:7282: gcc -c  -std=c99  conftest.c >&5
conftest.c: In function 'main':
conftest.c:67:20: error: expected expression before ')' token
   67 | if (sizeof ((pid_t)))
      |                    ^
configure:7282: $? = 1
configure: failed program was:
| /* confdefs.h */
| #define PACKAGE_NAME "Tilda"
| #define PACKAGE_TARNAME "tilda"
| #define PACKAGE_VERSION "1.6-alpha"
| #define PACKAGE_STRING "Tilda 1.6-alpha"
| #define PACKAGE_BUGREPORT "tilda_issues"
| #define PACKAGE_URL "tilda_repository"
| #define PACKAGE "tilda"
| #define VERSION "1.6-alpha"
| #define ENABLE_NLS 1
| #define HAVE_GETTEXT 1
| #define HAVE_DCGETTEXT 1
| #define STDC_HEADERS 1
| #define HAVE_SYS_TYPES_H 1
| #define HAVE_SYS_STAT_H 1
| #define HAVE_STDLIB_H 1
| #define HAVE_STRING_H 1
| #define HAVE_MEMORY_H 1
| #define HAVE_STRINGS_H 1
| #define HAVE_INTTYPES_H 1
| #define HAVE_STDINT_H 1
| #define HAVE_UNISTD_H 1
| #define HAVE_FCNTL_H 1
| #define HAVE_MALLOC_H 1
| #define HAVE_STDLIB_H 1
| #define HAVE_STRING_H 1
| #define HAVE_STRINGS_H 1
| #define HAVE_SYS_IOCTL_H 1
| #define HAVE_UNISTD_H 1
| /* end confdefs.h.  */
| #include <stdio.h>
| #ifdef HAVE_SYS_TYPES_H
| # include <sys/types.h>
| #endif
| #ifdef HAVE_SYS_STAT_H
| # include <sys/stat.h>
| #endif
| #ifdef STDC_HEADERS
| # include <stdlib.h>
| # include <stddef.h>
| #else
| # ifdef HAVE_STDLIB_H
| #  include <stdlib.h>
| # endif
| #endif
| #ifdef HAVE_STRING_H
| # if !defined STDC_HEADERS && defined HAVE_MEMORY_H
| #  include <memory.h>
| # endif
| # include <string.h>
| #endif
| #ifdef HAVE_STRINGS_H
| # include <strings.h>
| #endif
| #ifdef HAVE_INTTYPES_H
| # include <inttypes.h>
| #endif
| #ifdef HAVE_STDINT_H
| # include <stdint.h>
| #endif
| #ifdef HAVE_UNISTD_H
| # include <unistd.h>
| #endif
| int
| main ()
| {
| if (sizeof ((pid_t)))
| 	    return 0;
|   ;
|   return 0;
| }
configure:7282: result: yes
configure:7293: checking for size_t
configure:7293: gcc -c  -std=c99  conftest.c >&5
configure:7293: $? = 0
configure:7293: gcc -c  -std=c99  conftest.c >&5
conftest.c: In function 'main':
conftest.c:67:21: error: expected expression before ')' token
   67 | if (sizeof ((size_t)))
      |                     ^
configure:7293: $? = 1
configure: failed program was:
| /* confdefs.h */
| #define PACKAGE_NAME "Tilda"
| #define PACKAGE_TARNAME "tilda"
| #define PACKAGE_VERSION "1.6-alpha"
| #define PACKAGE_STRING "Tilda 1.6-alpha"
| #define PACKAGE_BUGREPORT "tilda_issues"
| #define PACKAGE_URL "tilda_repository"
| #define PACKAGE "tilda"
| #define VERSION "1.6-alpha"
| #define ENABLE_NLS 1
| #define HAVE_GETTEXT 1
| #define HAVE_DCGETTEXT 1
| #define STDC_HEADERS 1
| #define HAVE_SYS_TYPES_H 1
| #define HAVE_SYS_STAT_H 1
| #define HAVE_STDLIB_H 1
| #define HAVE_STRING_H 1
| #define HAVE_MEMORY_H 1
| #define HAVE_STRINGS_H 1
| #define HAVE_INTTYPES_H 1
| #define HAVE_STDINT_H 1
| #define HAVE_UNISTD_H 1
| #define HAVE_FCNTL_H 1
| #define HAVE_MALLOC_H 1
| #define HAVE_STDLIB_H 1
| #define HAVE_STRING_H 1
| #define HAVE_STRINGS_H 1
| #define HAVE_SYS_IOCTL_H 1
| #define HAVE_UNISTD_H 1
| /* end confdefs.h.  */
| #include <stdio.h>
| #ifdef HAVE_SYS_TYPES_H
| # include <sys/types.h>
| #endif
| #ifdef HAVE_SYS_STAT_H
| # include <sys/stat.h>
| #endif
| #ifdef STDC_HEADERS
| # include <stdlib.h>
| # include <stddef.h>
| #else
| # ifdef HAVE_STDLIB_H
| #  include <stdlib.h>
| # endif
| #endif
| #ifdef HAVE_STRING_H
| # if !defined STDC_HEADERS && defined HAVE_MEMORY_H
| #  include <memory.h>
| # endif
| # include <string.h>
| #endif
| #ifdef HAVE_STRINGS_H
| # include <strings.h>
| #endif
| #ifdef HAVE_INTTYPES_H
| # include <inttypes.h>
| #endif
| #ifdef HAVE_STDINT_H
| # include <stdint.h>
| #endif
| #ifdef HAVE_UNISTD_H
| # include <unistd.h>
| #endif
| int
| main ()
| {
| if (sizeof ((size_t)))
| 	    return 0;
|   ;
|   return 0;
| }
configure:7293: result: yes
configure:7308: checking for stdlib.h
configure:7308: result: yes
configure:7318: checking for GNU libc compatible malloc
configure:7342: gcc -o conftest  -std=c99   conftest.c  >&5
configure:7342: $? = 0
configure:7342: ./conftest
configure:7342: $? = 0
configure:7352: result: yes
configure:7373: checking for working strtod
configure:7414: gcc -o conftest  -std=c99   conftest.c  >&5
configure:7414: $? = 0
configure:7414: ./conftest
configure:7414: $? = 0
configure:7424: result: yes
configure:7489: checking for mkdir
configure:7489: gcc -o conftest  -std=c99   conftest.c  >&5
configure:7489: $? = 0
configure:7489: result: yes
configure:7489: checking for strcasecmp
configure:7489: gcc -o conftest  -std=c99   conftest.c  >&5
configure:7489: $? = 0
configure:7489: result: yes
configure:7489: checking for strchr
configure:7489: gcc -o conftest  -std=c99   conftest.c  >&5
conftest.c:58:6: warning: conflicting types for built-in function 'strchr'; expected 'char *(const char *, int)' [-Wbuiltin-declaration-mismatch]
   58 | char strchr ();
      |      ^~~~~~
conftest.c:46:1: note: 'strchr' is declared in header '<string.h>'
   45 | # include <limits.h>
   46 | #else
configure:7489: $? = 0
configure:7489: result: yes
configure:7489: checking for strncasecmp
configure:7489: gcc -o conftest  -std=c99   conftest.c  >&5
configure:7489: $? = 0
configure:7489: result: yes
configure:7489: checking for strstr
configure:7489: gcc -o conftest  -std=c99   conftest.c  >&5
conftest.c:60:6: warning: conflicting types for built-in function 'strstr'; expected 'char *(const char *, const char *)' [-Wbuiltin-declaration-mismatch]
   60 | char strstr ();
      |      ^~~~~~
conftest.c:48:1: note: 'strstr' is declared in header '<string.h>'
   47 | # include <limits.h>
   48 | #else
configure:7489: $? = 0
configure:7489: result: yes
configure:7489: checking for strtol
configure:7489: gcc -o conftest  -std=c99   conftest.c  >&5
configure:7489: $? = 0
configure:7489: result: yes
configure:7602: checking that generated files are newer than configure
configure:7608: result: done
configure:7635: creating ./config.status

## ---------------------- ##
## Running config.status. ##
## ---------------------- ##

This file was extended by Tilda config.status 1.6-alpha, which was
generated by GNU Autoconf 2.69.  Invocation command line was

  CONFIG_FILES    = 
  CONFIG_HEADERS  = 
  CONFIG_LINKS    = 
  CONFIG_COMMANDS = 
  $ ./config.status 

on smrgy

config.status:925: creating Makefile
config.status:925: creating po/Makefile.in
config.status:925: creating config.h
config.status:1154: executing depfiles commands
config.status:1231: cd .       && sed -e '/# am--include-marker/d' Makefile         | make -f - am--depfiles
config.status:1236: $? = 0
config.status:1154: executing po-directories commands

## ---------------- ##
## Cache variables. ##
## ---------------- ##

ac_cv_build=x86_64-pc-linux-gnu
ac_cv_c_compiler_gnu=yes
ac_cv_c_const=yes
ac_cv_env_CC_set=
ac_cv_env_CC_value=
ac_cv_env_CFLAGS_set=
ac_cv_env_CFLAGS_value=
ac_cv_env_CPPFLAGS_set=
ac_cv_env_CPPFLAGS_value=
ac_cv_env_CPP_set=
ac_cv_env_CPP_value=
ac_cv_env_GTK_CFLAGS_set=
ac_cv_env_GTK_CFLAGS_value=
ac_cv_env_GTK_LIBS_set=
ac_cv_env_GTK_LIBS_value=
ac_cv_env_LDFLAGS_set=
ac_cv_env_LDFLAGS_value=
ac_cv_env_LIBCONFUSE_CFLAGS_set=
ac_cv_env_LIBCONFUSE_CFLAGS_value=
ac_cv_env_LIBCONFUSE_LIBS_set=
ac_cv_env_LIBCONFUSE_LIBS_value=
ac_cv_env_LIBS_set=
ac_cv_env_LIBS_value=
ac_cv_env_PKG_CONFIG_LIBDIR_set=
ac_cv_env_PKG_CONFIG_LIBDIR_value=
ac_cv_env_PKG_CONFIG_PATH_set=
ac_cv_env_PKG_CONFIG_PATH_value=
ac_cv_env_PKG_CONFIG_set=
ac_cv_env_PKG_CONFIG_value=
ac_cv_env_VTE_CFLAGS_set=
ac_cv_env_VTE_CFLAGS_value=
ac_cv_env_VTE_LIBS_set=
ac_cv_env_VTE_LIBS_value=
ac_cv_env_X11_CFLAGS_set=
ac_cv_env_X11_CFLAGS_value=
ac_cv_env_X11_LIBS_set=
ac_cv_env_X11_LIBS_value=
ac_cv_env_build_alias_set=
ac_cv_env_build_alias_value=
ac_cv_env_host_alias_set=
ac_cv_env_host_alias_value=
ac_cv_env_target_alias_set=
ac_cv_env_target_alias_value=
ac_cv_func_malloc_0_nonnull=yes
ac_cv_func_mkdir=yes
ac_cv_func_strcasecmp=yes
ac_cv_func_strchr=yes
ac_cv_func_strncasecmp=yes
ac_cv_func_strstr=yes
ac_cv_func_strtod=yes
ac_cv_func_strtol=yes
ac_cv_header_fcntl_h=yes
ac_cv_header_inttypes_h=yes
ac_cv_header_malloc_h=yes
ac_cv_header_memory_h=yes
ac_cv_header_stdc=yes
ac_cv_header_stdint_h=yes
ac_cv_header_stdlib_h=yes
ac_cv_header_string_h=yes
ac_cv_header_strings_h=yes
ac_cv_header_sys_ioctl_h=yes
ac_cv_header_sys_stat_h=yes
ac_cv_header_sys_types_h=yes
ac_cv_header_unistd_h=yes
ac_cv_host=x86_64-pc-linux-gnu
ac_cv_objext=o
ac_cv_path_EGREP='/usr/bin/grep -E'
ac_cv_path_GLIB_COMPILE_RESOURCES=/usr/bin/glib-compile-resources
ac_cv_path_GLIB_MKENUMS=/usr/bin/glib-mkenums
ac_cv_path_GMSGFMT=/usr/bin/msgfmt
ac_cv_path_GREP=/usr/bin/grep
ac_cv_path_MSGFMT=/usr/bin/msgfmt
ac_cv_path_MSGMERGE=/usr/bin/msgmerge
ac_cv_path_XGETTEXT=/usr/bin/xgettext
ac_cv_path_ac_pt_PKG_CONFIG=/usr/bin/pkg-config
ac_cv_path_install='/usr/bin/install -c'
ac_cv_path_mkdir=/usr/bin/mkdir
ac_cv_prog_AWK=gawk
ac_cv_prog_CPP='gcc -E'
ac_cv_prog_ac_ct_CC=gcc
ac_cv_prog_cc_c89=
ac_cv_prog_cc_g=yes
ac_cv_prog_make_make_set=yes
ac_cv_type_pid_t=yes
ac_cv_type_size_t=yes
acl_cv_hardcode_direct=no
acl_cv_hardcode_libdir_flag_spec='${wl}-rpath ${wl}$libdir'
acl_cv_hardcode_libdir_separator=
acl_cv_hardcode_minus_L=no
acl_cv_libext=a
acl_cv_libname_spec='lib$name'
acl_cv_library_names_spec='$libname$shrext'
acl_cv_path_LD=/usr/bin/ld
acl_cv_prog_gnu_ld=yes
acl_cv_rpath=done
acl_cv_shlibext=so
acl_cv_wl=-Wl,
am_cv_CC_dependencies_compiler_type=gcc3
am_cv_make_support_nested_variables=yes
am_cv_prog_cc_c_o=yes
gt_cv_func_CFLocaleCopyCurrent=no
gt_cv_func_CFPreferencesCopyAppValue=no
gt_cv_func_gnugettext1_libc=yes
pkg_cv_GTK_CFLAGS='-I/usr/include/gtk-3.0 -I/usr/include/pango-1.0 -I/usr/include/glib-2.0 -I/usr/lib/glib-2.0/include -I/usr/include/harfbuzz -I/usr/include/freetype2 -I/usr/include/libpng16 -I/usr/include/libmount -I/usr/include/blkid -I/usr/include/fribidi -I/usr/include/cairo -I/usr/include/pixman-1 -I/usr/include/gdk-pixbuf-2.0 -I/usr/include/gio-unix-2.0 -I/usr/include/cloudproviders -I/usr/include/atk-1.0 -I/usr/include/at-spi2-atk/2.0 -I/usr/include/dbus-1.0 -I/usr/lib/dbus-1.0/include -I/usr/include/at-spi-2.0 -pthread '
pkg_cv_GTK_LIBS='-lgtk-3 -lgdk-3 -lz -lpangocairo-1.0 -lpango-1.0 -lharfbuzz -latk-1.0 -lcairo-gobject -lcairo -lgdk_pixbuf-2.0 -lgio-2.0 -lgobject-2.0 -lglib-2.0 '
pkg_cv_LIBCONFUSE_CFLAGS=
pkg_cv_LIBCONFUSE_LIBS='-lconfuse '
pkg_cv_VTE_CFLAGS='-I/usr/include/vte-2.91 -I/usr/include/glib-2.0 -I/usr/lib/glib-2.0/include -I/usr/include/libmount -I/usr/include/blkid -I/usr/include/pango-1.0 -I/usr/include/harfbuzz -I/usr/include/freetype2 -I/usr/include/libpng16 -I/usr/include/fribidi -I/usr/include/cairo -I/usr/include/pixman-1 -I/usr/include/gtk-3.0 -I/usr/include/gdk-pixbuf-2.0 -I/usr/include/gio-unix-2.0 -I/usr/include/cloudproviders -I/usr/include/atk-1.0 -I/usr/include/at-spi2-atk/2.0 -I/usr/include/dbus-1.0 -I/usr/lib/dbus-1.0/include -I/usr/include/at-spi-2.0 -pthread '
pkg_cv_VTE_LIBS='-lvte-2.91 -lgtk-3 -lgdk-3 -lz -lpangocairo-1.0 -lpango-1.0 -lharfbuzz -latk-1.0 -lcairo-gobject -lcairo -lgdk_pixbuf-2.0 -lgio-2.0 -lgobject-2.0 -lglib-2.0 '
pkg_cv_X11_CFLAGS=
pkg_cv_X11_LIBS='-lX11 '

## ----------------- ##
## Output variables. ##
## ----------------- ##

ACLOCAL='${SHELL} /home/smrg/gits/tilda/build-aux/missing aclocal-1.16'
AMDEPBACKSLASH='\'
AMDEP_FALSE='#'
AMDEP_TRUE=''
AMTAR='$${TAR-tar}'
AM_BACKSLASH='\'
AM_DEFAULT_V='$(AM_DEFAULT_VERBOSITY)'
AM_DEFAULT_VERBOSITY='0'
AM_V='$(V)'
AUTOCONF='${SHELL} /home/smrg/gits/tilda/build-aux/missing autoconf'
AUTOHEADER='${SHELL} /home/smrg/gits/tilda/build-aux/missing autoheader'
AUTOMAKE='${SHELL} /home/smrg/gits/tilda/build-aux/missing automake-1.16'
AWK='gawk'
CC='gcc'
CCDEPMODE='depmode=gcc3'
CFLAGS=' -std=c99'
CPP='gcc -E'
CPPFLAGS=''
CYGPATH_W='echo'
DEFS='-DHAVE_CONFIG_H'
DEPDIR='.deps'
ECHO_C=''
ECHO_N='-n'
ECHO_T=''
EGREP='/usr/bin/grep -E'
EXEEXT=''
GETTEXT_MACRO_VERSION='0.18'
GLIB_COMPILE_RESOURCES='/usr/bin/glib-compile-resources'
GLIB_MKENUMS='/usr/bin/glib-mkenums'
GMSGFMT='/usr/bin/msgfmt'
GMSGFMT_015='/usr/bin/msgfmt'
GREP='/usr/bin/grep'
GTK_CFLAGS='-I/usr/include/gtk-3.0 -I/usr/include/pango-1.0 -I/usr/include/glib-2.0 -I/usr/lib/glib-2.0/include -I/usr/include/harfbuzz -I/usr/include/freetype2 -I/usr/include/libpng16 -I/usr/include/libmount -I/usr/include/blkid -I/usr/include/fribidi -I/usr/include/cairo -I/usr/include/pixman-1 -I/usr/include/gdk-pixbuf-2.0 -I/usr/include/gio-unix-2.0 -I/usr/include/cloudproviders -I/usr/include/atk-1.0 -I/usr/include/at-spi2-atk/2.0 -I/usr/include/dbus-1.0 -I/usr/lib/dbus-1.0/include -I/usr/include/at-spi-2.0 -pthread '
GTK_LIBS='-lgtk-3 -lgdk-3 -lz -lpangocairo-1.0 -lpango-1.0 -lharfbuzz -latk-1.0 -lcairo-gobject -lcairo -lgdk_pixbuf-2.0 -lgio-2.0 -lgobject-2.0 -lglib-2.0 '
INSTALL_DATA='${INSTALL} -m 644'
INSTALL_PROGRAM='${INSTALL}'
INSTALL_SCRIPT='${INSTALL}'
INSTALL_STRIP_PROGRAM='$(install_sh) -c -s'
INTLLIBS=''
INTL_MACOSX_LIBS=''
LDFLAGS=''
LIBCONFUSE_CFLAGS=''
LIBCONFUSE_LIBS='-lconfuse '
LIBICONV='-liconv'
LIBINTL=''
LIBOBJS=''
LIBS=''
LTLIBICONV='-liconv'
LTLIBINTL=''
LTLIBOBJS=''
MAINT=''
MAINTAINER_MODE_FALSE='#'
MAINTAINER_MODE_TRUE=''
MAKEINFO='${SHELL} /home/smrg/gits/tilda/build-aux/missing makeinfo'
MKDIR_P='/usr/bin/mkdir -p'
MSGFMT='/usr/bin/msgfmt'
MSGFMT_015='/usr/bin/msgfmt'
MSGMERGE='/usr/bin/msgmerge'
OBJEXT='o'
PACKAGE='tilda'
PACKAGE_BUGREPORT='tilda_issues'
PACKAGE_NAME='Tilda'
PACKAGE_STRING='Tilda 1.6-alpha'
PACKAGE_TARNAME='tilda'
PACKAGE_URL='tilda_repository'
PACKAGE_VERSION='1.6-alpha'
PATH_SEPARATOR=':'
PKG_CONFIG='/usr/bin/pkg-config'
PKG_CONFIG_LIBDIR=''
PKG_CONFIG_PATH=''
POSUB='po'
POW_LIB=''
SET_MAKE=''
SHELL='/bin/sh'
STRIP=''
USE_NLS='yes'
VERSION='1.6-alpha'
VTE_CFLAGS='-I/usr/include/vte-2.91 -I/usr/include/glib-2.0 -I/usr/lib/glib-2.0/include -I/usr/include/libmount -I/usr/include/blkid -I/usr/include/pango-1.0 -I/usr/include/harfbuzz -I/usr/include/freetype2 -I/usr/include/libpng16 -I/usr/include/fribidi -I/usr/include/cairo -I/usr/include/pixman-1 -I/usr/include/gtk-3.0 -I/usr/include/gdk-pixbuf-2.0 -I/usr/include/gio-unix-2.0 -I/usr/include/cloudproviders -I/usr/include/atk-1.0 -I/usr/include/at-spi2-atk/2.0 -I/usr/include/dbus-1.0 -I/usr/lib/dbus-1.0/include -I/usr/include/at-spi-2.0 -pthread '
VTE_LIBS='-lvte-2.91 -lgtk-3 -lgdk-3 -lz -lpangocairo-1.0 -lpango-1.0 -lharfbuzz -latk-1.0 -lcairo-gobject -lcairo -lgdk_pixbuf-2.0 -lgio-2.0 -lgobject-2.0 -lglib-2.0 '
X11_CFLAGS=''
X11_LIBS='-lX11 '
XGETTEXT='/usr/bin/xgettext'
XGETTEXT_015='/usr/bin/xgettext'
XGETTEXT_EXTRA_OPTIONS=''
ac_ct_CC='gcc'
am__EXEEXT_FALSE=''
am__EXEEXT_TRUE='#'
am__fastdepCC_FALSE='#'
am__fastdepCC_TRUE=''
am__include='include'
am__isrc=''
am__leading_dot='.'
am__nodep='_no'
am__quote=''
am__tar='$${TAR-tar} chof - "$$tardir"'
am__untar='$${TAR-tar} xf -'
bindir='${exec_prefix}/bin'
build='x86_64-pc-linux-gnu'
build_alias=''
build_cpu='x86_64'
build_os='linux-gnu'
build_vendor='pc'
datadir='${datarootdir}'
datarootdir='${prefix}/share'
docdir='${datarootdir}/doc/${PACKAGE_TARNAME}'
dvidir='${docdir}'
exec_prefix='${prefix}'
host='x86_64-pc-linux-gnu'
host_alias=''
host_cpu='x86_64'
host_os='linux-gnu'
host_vendor='pc'
htmldir='${docdir}'
includedir='${prefix}/include'
infodir='${datarootdir}/info'
install_sh='${SHELL} /home/smrg/gits/tilda/build-aux/install-sh'
libdir='${exec_prefix}/lib'
libexecdir='${exec_prefix}/libexec'
localedir='${datarootdir}/locale'
localstatedir='${prefix}/var'
mandir='${datarootdir}/man'
mkdir_p='/usr/bin/mkdir -p'
oldincludedir='/usr/include'
pdfdir='${docdir}'
prefix='/usr/local'
program_transform_name='s,x,x,'
psdir='${docdir}'
sbindir='${exec_prefix}/sbin'
sharedstatedir='${prefix}/com'
sysconfdir='${prefix}/etc'
target_alias=''

## ----------- ##
## confdefs.h. ##
## ----------- ##

/* confdefs.h */
#define PACKAGE_NAME "Tilda"
#define PACKAGE_TARNAME "tilda"
#define PACKAGE_VERSION "1.6-alpha"
#define PACKAGE_STRING "Tilda 1.6-alpha"
#define PACKAGE_BUGREPORT "tilda_issues"
#define PACKAGE_URL "tilda_repository"
#define PACKAGE "tilda"
#define VERSION "1.6-alpha"
#define ENABLE_NLS 1
#define HAVE_GETTEXT 1
#define HAVE_DCGETTEXT 1
#define STDC_HEADERS 1
#define HAVE_SYS_TYPES_H 1
#define HAVE_SYS_STAT_H 1
#define HAVE_STDLIB_H 1
#define HAVE_STRING_H 1
#define HAVE_MEMORY_H 1
#define HAVE_STRINGS_H 1
#define HAVE_INTTYPES_H 1
#define HAVE_STDINT_H 1
#define HAVE_UNISTD_H 1
#define HAVE_FCNTL_H 1
#define HAVE_MALLOC_H 1
#define HAVE_STDLIB_H 1
#define HAVE_STRING_H 1
#define HAVE_STRINGS_H 1
#define HAVE_SYS_IOCTL_H 1
#define HAVE_UNISTD_H 1
#define HAVE_STDLIB_H 1
#define HAVE_MALLOC 1
#define HAVE_MKDIR 1
#define HAVE_STRCASECMP 1
#define HAVE_STRCHR 1
#define HAVE_STRNCASECMP 1
#define HAVE_STRSTR 1
#define HAVE_STRTOL 1

configure: exit 0
